Starting tests for strategy1 (Multiple_Regions)
  Multiple_Regions | threads=1 | rep=1 | nfreq=65536
  Multiple_Regions | threads=1 | rep=2 | nfreq=65536
  Multiple_Regions | threads=1 | rep=3 | nfreq=65536
  Multiple_Regions | threads=1 | rep=4 | nfreq=65536
  Multiple_Regions | threads=1 | rep=5 | nfreq=65536
  Multiple_Regions | threads=2 | rep=1 | nfreq=131072
  Multiple_Regions | threads=2 | rep=2 | nfreq=131072
  Multiple_Regions | threads=2 | rep=3 | nfreq=131072
  Multiple_Regions | threads=2 | rep=4 | nfreq=131072
  Multiple_Regions | threads=2 | rep=5 | nfreq=131072
  Multiple_Regions | threads=4 | rep=1 | nfreq=262144
  Multiple_Regions | threads=4 | rep=2 | nfreq=262144
  Multiple_Regions | threads=4 | rep=3 | nfreq=262144
  Multiple_Regions | threads=4 | rep=4 | nfreq=262144
  Multiple_Regions | threads=4 | rep=5 | nfreq=262144
  Multiple_Regions | threads=8 | rep=1 | nfreq=524288
  Multiple_Regions | threads=8 | rep=2 | nfreq=524288
  Multiple_Regions | threads=8 | rep=3 | nfreq=524288
  Multiple_Regions | threads=8 | rep=4 | nfreq=524288
  Multiple_Regions | threads=8 | rep=5 | nfreq=524288
  Multiple_Regions | threads=16 | rep=1 | nfreq=1048576
  Multiple_Regions | threads=16 | rep=2 | nfreq=1048576
  Multiple_Regions | threads=16 | rep=3 | nfreq=1048576
  Multiple_Regions | threads=16 | rep=4 | nfreq=1048576
  Multiple_Regions | threads=16 | rep=5 | nfreq=1048576
  Multiple_Regions | threads=32 | rep=1 | nfreq=2097152
  Multiple_Regions | threads=32 | rep=2 | nfreq=2097152
  Multiple_Regions | threads=32 | rep=3 | nfreq=2097152
  Multiple_Regions | threads=32 | rep=4 | nfreq=2097152
  Multiple_Regions | threads=32 | rep=5 | nfreq=2097152
  Multiple_Regions | threads=64 | rep=1 | nfreq=4194304
  Multiple_Regions | threads=64 | rep=2 | nfreq=4194304
  Multiple_Regions | threads=64 | rep=3 | nfreq=4194304
  Multiple_Regions | threads=64 | rep=4 | nfreq=4194304
  Multiple_Regions | threads=64 | rep=5 | nfreq=4194304
Starting tests for strategy2 (Fewer_Regions)
  Fewer_Regions | threads=1 | rep=1 | nfreq=65536
  Fewer_Regions | threads=1 | rep=2 | nfreq=65536
  Fewer_Regions | threads=1 | rep=3 | nfreq=65536
  Fewer_Regions | threads=1 | rep=4 | nfreq=65536
  Fewer_Regions | threads=1 | rep=5 | nfreq=65536
  Fewer_Regions | threads=2 | rep=1 | nfreq=131072
  Fewer_Regions | threads=2 | rep=2 | nfreq=131072
  Fewer_Regions | threads=2 | rep=3 | nfreq=131072
  Fewer_Regions | threads=2 | rep=4 | nfreq=131072
  Fewer_Regions | threads=2 | rep=5 | nfreq=131072
  Fewer_Regions | threads=4 | rep=1 | nfreq=262144
  Fewer_Regions | threads=4 | rep=2 | nfreq=262144
  Fewer_Regions | threads=4 | rep=3 | nfreq=262144
  Fewer_Regions | threads=4 | rep=4 | nfreq=262144
  Fewer_Regions | threads=4 | rep=5 | nfreq=262144
  Fewer_Regions | threads=8 | rep=1 | nfreq=524288
  Fewer_Regions | threads=8 | rep=2 | nfreq=524288
  Fewer_Regions | threads=8 | rep=3 | nfreq=524288
  Fewer_Regions | threads=8 | rep=4 | nfreq=524288
  Fewer_Regions | threads=8 | rep=5 | nfreq=524288
  Fewer_Regions | threads=16 | rep=1 | nfreq=1048576
  Fewer_Regions | threads=16 | rep=2 | nfreq=1048576
  Fewer_Regions | threads=16 | rep=3 | nfreq=1048576
  Fewer_Regions | threads=16 | rep=4 | nfreq=1048576
  Fewer_Regions | threads=16 | rep=5 | nfreq=1048576
  Fewer_Regions | threads=32 | rep=1 | nfreq=2097152
  Fewer_Regions | threads=32 | rep=2 | nfreq=2097152
  Fewer_Regions | threads=32 | rep=3 | nfreq=2097152
  Fewer_Regions | threads=32 | rep=4 | nfreq=2097152
  Fewer_Regions | threads=32 | rep=5 | nfreq=2097152
  Fewer_Regions | threads=64 | rep=1 | nfreq=4194304
  Fewer_Regions | threads=64 | rep=2 | nfreq=4194304
  Fewer_Regions | threads=64 | rep=3 | nfreq=4194304
  Fewer_Regions | threads=64 | rep=4 | nfreq=4194304
  Fewer_Regions | threads=64 | rep=5 | nfreq=4194304
Starting tests for strategy3 (Task_Based)
  Task_Based | threads=1 | rep=1 | nfreq=65536
  Task_Based | threads=1 | rep=2 | nfreq=65536
  Task_Based | threads=1 | rep=3 | nfreq=65536
  Task_Based | threads=1 | rep=4 | nfreq=65536
  Task_Based | threads=1 | rep=5 | nfreq=65536
  Task_Based | threads=2 | rep=1 | nfreq=131072
  Task_Based | threads=2 | rep=2 | nfreq=131072
  Task_Based | threads=2 | rep=3 | nfreq=131072
  Task_Based | threads=2 | rep=4 | nfreq=131072
  Task_Based | threads=2 | rep=5 | nfreq=131072
  Task_Based | threads=4 | rep=1 | nfreq=262144
  Task_Based | threads=4 | rep=2 | nfreq=262144
  Task_Based | threads=4 | rep=3 | nfreq=262144
  Task_Based | threads=4 | rep=4 | nfreq=262144
  Task_Based | threads=4 | rep=5 | nfreq=262144
  Task_Based | threads=8 | rep=1 | nfreq=524288
  Task_Based | threads=8 | rep=2 | nfreq=524288
  Task_Based | threads=8 | rep=3 | nfreq=524288
  Task_Based | threads=8 | rep=4 | nfreq=524288
  Task_Based | threads=8 | rep=5 | nfreq=524288
  Task_Based | threads=16 | rep=1 | nfreq=1048576
  Task_Based | threads=16 | rep=2 | nfreq=1048576
  Task_Based | threads=16 | rep=3 | nfreq=1048576
  Task_Based | threads=16 | rep=4 | nfreq=1048576
  Task_Based | threads=16 | rep=5 | nfreq=1048576
  Task_Based | threads=32 | rep=1 | nfreq=2097152
  Task_Based | threads=32 | rep=2 | nfreq=2097152
  Task_Based | threads=32 | rep=3 | nfreq=2097152
  Task_Based | threads=32 | rep=4 | nfreq=2097152
  Task_Based | threads=32 | rep=5 | nfreq=2097152
  Task_Based | threads=64 | rep=1 | nfreq=4194304
  Task_Based | threads=64 | rep=2 | nfreq=4194304
  Task_Based | threads=64 | rep=3 | nfreq=4194304
  Task_Based | threads=64 | rep=4 | nfreq=4194304
  Task_Based | threads=64 | rep=5 | nfreq=4194304
Starting tests for strategy4 (SIMD_Optimized)
  SIMD_Optimized | threads=1 | rep=1 | nfreq=65536
  SIMD_Optimized | threads=1 | rep=2 | nfreq=65536
  SIMD_Optimized | threads=1 | rep=3 | nfreq=65536
  SIMD_Optimized | threads=1 | rep=4 | nfreq=65536
  SIMD_Optimized | threads=1 | rep=5 | nfreq=65536
  SIMD_Optimized | threads=2 | rep=1 | nfreq=131072
  SIMD_Optimized | threads=2 | rep=2 | nfreq=131072
  SIMD_Optimized | threads=2 | rep=3 | nfreq=131072
  SIMD_Optimized | threads=2 | rep=4 | nfreq=131072
  SIMD_Optimized | threads=2 | rep=5 | nfreq=131072
  SIMD_Optimized | threads=4 | rep=1 | nfreq=262144
  SIMD_Optimized | threads=4 | rep=2 | nfreq=262144
  SIMD_Optimized | threads=4 | rep=3 | nfreq=262144
  SIMD_Optimized | threads=4 | rep=4 | nfreq=262144
  SIMD_Optimized | threads=4 | rep=5 | nfreq=262144
  SIMD_Optimized | threads=8 | rep=1 | nfreq=524288
  SIMD_Optimized | threads=8 | rep=2 | nfreq=524288
  SIMD_Optimized | threads=8 | rep=3 | nfreq=524288
  SIMD_Optimized | threads=8 | rep=4 | nfreq=524288
  SIMD_Optimized | threads=8 | rep=5 | nfreq=524288
  SIMD_Optimized | threads=16 | rep=1 | nfreq=1048576
  SIMD_Optimized | threads=16 | rep=2 | nfreq=1048576
  SIMD_Optimized | threads=16 | rep=3 | nfreq=1048576
  SIMD_Optimized | threads=16 | rep=4 | nfreq=1048576
  SIMD_Optimized | threads=16 | rep=5 | nfreq=1048576
  SIMD_Optimized | threads=32 | rep=1 | nfreq=2097152
  SIMD_Optimized | threads=32 | rep=2 | nfreq=2097152
  SIMD_Optimized | threads=32 | rep=3 | nfreq=2097152
  SIMD_Optimized | threads=32 | rep=4 | nfreq=2097152
  SIMD_Optimized | threads=32 | rep=5 | nfreq=2097152
  SIMD_Optimized | threads=64 | rep=1 | nfreq=4194304
  SIMD_Optimized | threads=64 | rep=2 | nfreq=4194304
  SIMD_Optimized | threads=64 | rep=3 | nfreq=4194304
  SIMD_Optimized | threads=64 | rep=4 | nfreq=4194304
  SIMD_Optimized | threads=64 | rep=5 | nfreq=4194304
Starting tests for strategy5 (Advanced_Scheduling)
  Advanced_Scheduling | threads=1 | rep=1 | nfreq=65536
  Advanced_Scheduling | threads=1 | rep=2 | nfreq=65536
  Advanced_Scheduling | threads=1 | rep=3 | nfreq=65536
  Advanced_Scheduling | threads=1 | rep=4 | nfreq=65536
  Advanced_Scheduling | threads=1 | rep=5 | nfreq=65536
  Advanced_Scheduling | threads=2 | rep=1 | nfreq=131072
  Advanced_Scheduling | threads=2 | rep=2 | nfreq=131072
  Advanced_Scheduling | threads=2 | rep=3 | nfreq=131072
  Advanced_Scheduling | threads=2 | rep=4 | nfreq=131072
  Advanced_Scheduling | threads=2 | rep=5 | nfreq=131072
  Advanced_Scheduling | threads=4 | rep=1 | nfreq=262144
  Advanced_Scheduling | threads=4 | rep=2 | nfreq=262144
  Advanced_Scheduling | threads=4 | rep=3 | nfreq=262144
  Advanced_Scheduling | threads=4 | rep=4 | nfreq=262144
  Advanced_Scheduling | threads=4 | rep=5 | nfreq=262144
  Advanced_Scheduling | threads=8 | rep=1 | nfreq=524288
  Advanced_Scheduling | threads=8 | rep=2 | nfreq=524288
  Advanced_Scheduling | threads=8 | rep=3 | nfreq=524288
  Advanced_Scheduling | threads=8 | rep=4 | nfreq=524288
  Advanced_Scheduling | threads=8 | rep=5 | nfreq=524288
  Advanced_Scheduling | threads=16 | rep=1 | nfreq=1048576
  Advanced_Scheduling | threads=16 | rep=2 | nfreq=1048576
  Advanced_Scheduling | threads=16 | rep=3 | nfreq=1048576
  Advanced_Scheduling | threads=16 | rep=4 | nfreq=1048576
  Advanced_Scheduling | threads=16 | rep=5 | nfreq=1048576
  Advanced_Scheduling | threads=32 | rep=1 | nfreq=2097152
  Advanced_Scheduling | threads=32 | rep=2 | nfreq=2097152
  Advanced_Scheduling | threads=32 | rep=3 | nfreq=2097152
  Advanced_Scheduling | threads=32 | rep=4 | nfreq=2097152
  Advanced_Scheduling | threads=32 | rep=5 | nfreq=2097152
  Advanced_Scheduling | threads=64 | rep=1 | nfreq=4194304
  Advanced_Scheduling | threads=64 | rep=2 | nfreq=4194304
  Advanced_Scheduling | threads=64 | rep=3 | nfreq=4194304
  Advanced_Scheduling | threads=64 | rep=4 | nfreq=4194304
  Advanced_Scheduling | threads=64 | rep=5 | nfreq=4194304
Starting tests for strategy6 (Sections_Based)
  Sections_Based | threads=1 | rep=1 | nfreq=65536
  Sections_Based | threads=1 | rep=2 | nfreq=65536
  Sections_Based | threads=1 | rep=3 | nfreq=65536
  Sections_Based | threads=1 | rep=4 | nfreq=65536
  Sections_Based | threads=1 | rep=5 | nfreq=65536
  Sections_Based | threads=2 | rep=1 | nfreq=131072
  Sections_Based | threads=2 | rep=2 | nfreq=131072
  Sections_Based | threads=2 | rep=3 | nfreq=131072
  Sections_Based | threads=2 | rep=4 | nfreq=131072
  Sections_Based | threads=2 | rep=5 | nfreq=131072
  Sections_Based | threads=4 | rep=1 | nfreq=262144
  Sections_Based | threads=4 | rep=2 | nfreq=262144
  Sections_Based | threads=4 | rep=3 | nfreq=262144
  Sections_Based | threads=4 | rep=4 | nfreq=262144
  Sections_Based | threads=4 | rep=5 | nfreq=262144
  Sections_Based | threads=8 | rep=1 | nfreq=524288
  Sections_Based | threads=8 | rep=2 | nfreq=524288
  Sections_Based | threads=8 | rep=3 | nfreq=524288
  Sections_Based | threads=8 | rep=4 | nfreq=524288
  Sections_Based | threads=8 | rep=5 | nfreq=524288
  Sections_Based | threads=16 | rep=1 | nfreq=1048576
  Sections_Based | threads=16 | rep=2 | nfreq=1048576
  Sections_Based | threads=16 | rep=3 | nfreq=1048576
  Sections_Based | threads=16 | rep=4 | nfreq=1048576
  Sections_Based | threads=16 | rep=5 | nfreq=1048576
  Sections_Based | threads=32 | rep=1 | nfreq=2097152
  Sections_Based | threads=32 | rep=2 | nfreq=2097152
  Sections_Based | threads=32 | rep=3 | nfreq=2097152
  Sections_Based | threads=32 | rep=4 | nfreq=2097152
  Sections_Based | threads=32 | rep=5 | nfreq=2097152
  Sections_Based | threads=64 | rep=1 | nfreq=4194304
  Sections_Based | threads=64 | rep=2 | nfreq=4194304
  Sections_Based | threads=64 | rep=3 | nfreq=4194304
  Sections_Based | threads=64 | rep=4 | nfreq=4194304
  Sections_Based | threads=64 | rep=5 | nfreq=4194304
Detailed weak scaling finished. Results in results/data/detailed_weak_scaling.csv
